build/app/intermediates/manifest_merge_blame_file/release/manifest-merger-blame-release-report.txt
1<?xml version="1.0" encoding="utf-8"?>
2<manifest xmlns:android="http://schemas.android.com/apk/res/android"
3    package="com.zahasri.zaha_application"
4    android:versionCode="120"
5    android:versionName="4.1.3" >
6
7    <uses-sdk
8        android:minSdkVersion="21"
8-->src/main/AndroidManifest.xml
9        android:targetSdkVersion="30" />
9-->src/main/AndroidManifest.xml
10    <!--
11         io.flutter.app.FlutterApplication is an android.app.Application that
12         calls FlutterMain.startInitialization(this); in its onCreate method.
13         In most cases you can leave this as-is, but you if you want to provide
14         additional functionality it is fine to subclass or reimplement
15         FlutterApplication and put your custom class here.
16    -->
17
18    <uses-permission android:name="android.permission.INTERNET" />
18-->src/main/AndroidManifest.xml:9:5-66
18-->src/main/AndroidManifest.xml:9:22-64
19    <uses-permission android:name="android.permission.READ_EXTERNAL_STORAGE" />
19-->[:picker] AndroidManifest.xml:7:5-80
19-->[:picker] AndroidManifest.xml:7:22-77
20    <uses-permission android:name="android.permission.WRITE_EXTERNAL_STORAGE" />
20-->[:picker] AndroidManifest.xml:8:5-81
20-->[:picker] AndroidManifest.xml:8:22-78
21    <uses-permission android:name="android.permission.ACCESS_NETWORK_STATE" />
21-->[:connectivity] AndroidManifest.xml:7:5-79
21-->[:connectivity] AndroidManifest.xml:7:22-76
22    <uses-permission android:name="android.permission.ACCESS_WIFI_STATE" />
22-->[:connectivity] AndroidManifest.xml:8:5-76
22-->[:connectivity] AndroidManifest.xml:8:22-73
23    <uses-permission android:name="android.permission.WAKE_LOCK" />
23-->[com.google.android.gms:play-services-measurement:17.2.2] AndroidManifest.xml:25:5-68
23-->[com.google.android.gms:play-services-measurement:17.2.2] AndroidManifest.xml:25:22-65
24    <uses-permission android:name="com.google.android.finsky.permission.BIND_GET_INSTALL_REFERRER_SERVICE" /> <!-- Required by older versions of Google Play services to create IID tokens -->
24-->[com.google.android.gms:play-services-measurement:17.2.2] AndroidManifest.xml:26:5-110
24-->[com.google.android.gms:play-services-measurement:17.2.2] AndroidManifest.xml:26:22-107
25    <uses-permission android:name="com.google.android.c2dm.permission.RECEIVE" />
25-->[com.google.firebase:firebase-iid:20.0.2] AndroidManifest.xml:26:5-82
25-->[com.google.firebase:firebase-iid:20.0.2] AndroidManifest.xml:26:22-79
26
27    <application
27-->src/main/AndroidManifest.xml:11:5-54:19
28        android:name="io.flutter.app.FlutterApplication"
28-->src/main/AndroidManifest.xml:12:9-57
29        android:appComponentFactory="androidx.core.app.CoreComponentFactory"
29-->[androidx.core:core:1.1.0] AndroidManifest.xml:24:18-86
30        android:icon="@mipmap/launcher_icon"
30-->src/main/AndroidManifest.xml:14:9-45
31        android:label="Zaha"
31-->src/main/AndroidManifest.xml:13:9-29
32        android:supportsRtl="true" >
32-->[com.facebook.android:facebook-login:5.5.1] AndroidManifest.xml:28:18-44
33        <activity
33-->src/main/AndroidManifest.xml:15:9-33:20
34            android:name="com.zahasri.zaha_application.MainActivity"
34-->src/main/AndroidManifest.xml:16:13-41
35            android:configChanges="orientation|keyboardHidden|keyboard|screenSize|smallestScreenSize|locale|layoutDirection|fontScale|screenLayout|density|uiMode"
35-->src/main/AndroidManifest.xml:19:13-163
36            android:hardwareAccelerated="true"
36-->src/main/AndroidManifest.xml:20:13-47
37            android:launchMode="singleTop"
37-->src/main/AndroidManifest.xml:17:13-43
38            android:theme="@style/LaunchTheme"
38-->src/main/AndroidManifest.xml:18:13-47
39            android:windowSoftInputMode="adjustResize" >
39-->src/main/AndroidManifest.xml:21:13-55
40
41            <!--
42                 This keeps the window background of the activity showing
43                 until Flutter renders its first frame. It can be removed if
44                 there is no splash screen (such as the default splash screen
45                 defined in @style/LaunchTheme).
46            -->
47            <meta-data
47-->src/main/AndroidManifest.xml:26:13-28:40
48                android:name="io.flutter.app.android.SplashScreenUntilFirstFrame"
48-->src/main/AndroidManifest.xml:27:17-82
49                android:value="true" />
49-->src/main/AndroidManifest.xml:28:17-37
50
51            <intent-filter>
51-->src/main/AndroidManifest.xml:29:13-32:29
52                <action android:name="android.intent.action.MAIN" />
52-->src/main/AndroidManifest.xml:30:17-68
52-->src/main/AndroidManifest.xml:30:25-66
53
54                <category android:name="android.intent.category.LAUNCHER" />
54-->src/main/AndroidManifest.xml:31:17-76
54-->src/main/AndroidManifest.xml:31:27-74
55            </intent-filter>
56        </activity>
57
58        <meta-data
58-->src/main/AndroidManifest.xml:36:9-37:54
59            android:name="com.facebook.sdk.ApplicationId"
59-->src/main/AndroidManifest.xml:36:20-65
60            android:value="@string/facebook_app_id" />
60-->src/main/AndroidManifest.xml:37:13-52
61
62        <activity
62-->src/main/AndroidManifest.xml:39:9-42:48
63            android:name="com.facebook.FacebookActivity"
63-->src/main/AndroidManifest.xml:39:19-63
64            android:configChanges="keyboard|keyboardHidden|screenLayout|screenSize|orientation"
64-->src/main/AndroidManifest.xml:40:13-113
65            android:label="@string/app_name"
65-->src/main/AndroidManifest.xml:42:13-45
66            android:theme="@style/com_facebook_activity_theme" />
66-->[com.facebook.android:facebook-common:5.5.1] AndroidManifest.xml:32:13-63
67        <activity
67-->src/main/AndroidManifest.xml:43:9-52:20
68            android:name="com.facebook.CustomTabActivity"
68-->src/main/AndroidManifest.xml:44:13-58
69            android:exported="true" >
69-->src/main/AndroidManifest.xml:45:13-36
70            <intent-filter>
70-->src/main/AndroidManifest.xml:46:13-51:29
71                <action android:name="android.intent.action.VIEW" />
71-->src/main/AndroidManifest.xml:47:17-69
71-->src/main/AndroidManifest.xml:47:25-66
72
73                <category android:name="android.intent.category.DEFAULT" />
73-->src/main/AndroidManifest.xml:48:17-76
73-->src/main/AndroidManifest.xml:48:27-73
74                <category android:name="android.intent.category.BROWSABLE" />
74-->src/main/AndroidManifest.xml:49:17-78
74-->src/main/AndroidManifest.xml:49:27-75
75
76                <data android:scheme="@string/fb_login_protocol_scheme" />
76-->src/main/AndroidManifest.xml:50:17-75
76-->src/main/AndroidManifest.xml:50:23-72
77            </intent-filter>
78        </activity>
79
80        <service
80-->[:firebase_auth] AndroidManifest.xml:8:9-12:19
81            android:name="com.google.firebase.components.ComponentDiscoveryService"
81-->[:firebase_auth] AndroidManifest.xml:8:18-89
82            android:directBootAware="true"
82-->[com.google.firebase:firebase-common:19.3.0] AndroidManifest.xml:34:13-43
83            android:exported="false" >
83-->[com.google.android.gms:play-services-measurement-api:17.2.2] AndroidManifest.xml:29:13-37
84            <meta-data
84-->[:firebase_auth] AndroidManifest.xml:9:13-11:85
85                android:name="com.google.firebase.components:io.flutter.plugins.firebaseauth.FlutterFirebaseAppRegistrar"
85-->[:firebase_auth] AndroidManifest.xml:10:17-122
86                android:value="com.google.firebase.components.ComponentRegistrar" />
86-->[:firebase_auth] AndroidManifest.xml:11:17-82
87            <meta-data
87-->[:firebase_core] AndroidManifest.xml:9:13-11:85
88                android:name="com.google.firebase.components:io.flutter.plugins.firebase.core.FlutterFirebaseAppRegistrar"
88-->[:firebase_core] AndroidManifest.xml:10:17-123
89                android:value="com.google.firebase.components.ComponentRegistrar" />
89-->[:firebase_core] AndroidManifest.xml:11:17-82
90            <meta-data
90-->[com.google.android.gms:play-services-measurement-api:17.2.2] AndroidManifest.xml:30:13-32:85
91                android:name="com.google.firebase.components:com.google.firebase.analytics.connector.internal.AnalyticsConnectorRegistrar"
91-->[com.google.android.gms:play-services-measurement-api:17.2.2] AndroidManifest.xml:31:17-139
92                android:value="com.google.firebase.components.ComponentRegistrar" />
92-->[com.google.android.gms:play-services-measurement-api:17.2.2] AndroidManifest.xml:32:17-82
93            <meta-data
93-->[com.google.firebase:firebase-auth:19.2.0] AndroidManifest.xml:36:13-38:85
94                android:name="com.google.firebase.components:com.google.firebase.auth.FirebaseAuthRegistrar"
94-->[com.google.firebase:firebase-auth:19.2.0] AndroidManifest.xml:37:17-109
95                android:value="com.google.firebase.components.ComponentRegistrar" />
95-->[com.google.firebase:firebase-auth:19.2.0] AndroidManifest.xml:38:17-82
96            <meta-data
96-->[com.google.firebase:firebase-iid:20.0.2] AndroidManifest.xml:32:13-34:85
97                android:name="com.google.firebase.components:com.google.firebase.iid.Registrar"
97-->[com.google.firebase:firebase-iid:20.0.2] AndroidManifest.xml:33:17-96
98                android:value="com.google.firebase.components.ComponentRegistrar" />
98-->[com.google.firebase:firebase-iid:20.0.2] AndroidManifest.xml:34:17-82
99        </service>
100
101        <activity
101-->[:url_launcher] AndroidManifest.xml:8:9-11:74
102            android:name="io.flutter.plugins.urllauncher.WebViewActivity"
102-->[:url_launcher] AndroidManifest.xml:9:13-74
103            android:exported="false"
103-->[:url_launcher] AndroidManifest.xml:10:13-37
104            android:theme="@android:style/Theme.NoTitleBar.Fullscreen" />
104-->[:url_launcher] AndroidManifest.xml:11:13-71
105
106        <provider
106-->[:picker] AndroidManifest.xml:11:9-19:20
107            android:name="app.flutter.plugins.picker.ImagePickerFileProvider"
107-->[:picker] AndroidManifest.xml:12:13-78
108            android:authorities="com.zahasri.zaha_application.flutter.image_provider"
108-->[:picker] AndroidManifest.xml:13:13-74
109            android:exported="false"
109-->[:picker] AndroidManifest.xml:14:13-37
110            android:grantUriPermissions="true" >
110-->[:picker] AndroidManifest.xml:15:13-47
111            <meta-data
111-->[:picker] AndroidManifest.xml:16:13-18:69
112                android:name="android.support.FILE_PROVIDER_PATHS"
112-->[:picker] AndroidManifest.xml:17:17-67
113                android:resource="@xml/flutter_picker_file_paths" />
113-->[:picker] AndroidManifest.xml:18:17-66
114        </provider>
115
116        <activity android:name="com.facebook.CustomTabMainActivity" />
116-->[com.facebook.android:facebook-common:5.5.1] AndroidManifest.xml:33:9-71
116-->[com.facebook.android:facebook-common:5.5.1] AndroidManifest.xml:33:19-68
117        <!--
118         The initialization ContentProvider will call FacebookSdk.sdkInitialize automatically
119         with the application context. This config is merged in with the host app's manifest,
120         but there can only be one provider with the same authority activated at any given
121         point; so if the end user has two or more different apps that use Facebook SDK, only the
122         first one will be able to use the provider. To work around this problem, we use the
123         following placeholder in the authority to identify each host application as if it was
124         a completely different provider.
125        -->
126        <provider
126-->[com.facebook.android:facebook-core:5.5.1] AndroidManifest.xml:39:9-42:40
127            android:name="com.facebook.internal.FacebookInitProvider"
127-->[com.facebook.android:facebook-core:5.5.1] AndroidManifest.xml:40:13-70
128            android:authorities="com.zahasri.zaha_application.FacebookInitProvider"
128-->[com.facebook.android:facebook-core:5.5.1] AndroidManifest.xml:41:13-72
129            android:exported="false" />
129-->[com.facebook.android:facebook-core:5.5.1] AndroidManifest.xml:42:13-37
130
131        <receiver
131-->[com.facebook.android:facebook-core:5.5.1] AndroidManifest.xml:44:9-50:20
132            android:name="com.facebook.CurrentAccessTokenExpirationBroadcastReceiver"
132-->[com.facebook.android:facebook-core:5.5.1] AndroidManifest.xml:45:13-86
133            android:exported="false" >
133-->[com.facebook.android:facebook-core:5.5.1] AndroidManifest.xml:46:13-37
134            <intent-filter>
134-->[com.facebook.android:facebook-core:5.5.1] AndroidManifest.xml:47:13-49:29
135                <action android:name="com.facebook.sdk.ACTION_CURRENT_ACCESS_TOKEN_CHANGED" />
135-->[com.facebook.android:facebook-core:5.5.1] AndroidManifest.xml:48:17-95
135-->[com.facebook.android:facebook-core:5.5.1] AndroidManifest.xml:48:25-92
136            </intent-filter>
137        </receiver>
138        <receiver
138-->[com.facebook.android:facebook-core:5.5.1] AndroidManifest.xml:51:9-58:20
139            android:name="com.facebook.CampaignTrackingReceiver"
139-->[com.facebook.android:facebook-core:5.5.1] AndroidManifest.xml:52:13-65
140            android:exported="true"
140-->[com.facebook.android:facebook-core:5.5.1] AndroidManifest.xml:53:13-36
141            android:permission="android.permission.INSTALL_PACKAGES" >
141-->[com.facebook.android:facebook-core:5.5.1] AndroidManifest.xml:54:13-69
142            <intent-filter>
142-->[com.facebook.android:facebook-core:5.5.1] AndroidManifest.xml:55:13-57:29
143                <action android:name="com.android.vending.INSTALL_REFERRER" />
143-->[com.facebook.android:facebook-core:5.5.1] AndroidManifest.xml:56:17-79
143-->[com.facebook.android:facebook-core:5.5.1] AndroidManifest.xml:56:25-76
144            </intent-filter>
145        </receiver>
146
147        <provider
147-->[com.sangcomz:FishBun:0.11.2] AndroidManifest.xml:12:9-20:20
148            android:name="com.sangcomz.fishbun.FishBunFileProvider"
148-->[com.sangcomz:FishBun:0.11.2] AndroidManifest.xml:13:13-68
149            android:authorities="com.zahasri.zaha_application.fishbunfileprovider"
149-->[com.sangcomz:FishBun:0.11.2] AndroidManifest.xml:14:13-71
150            android:exported="false"
150-->[com.sangcomz:FishBun:0.11.2] AndroidManifest.xml:15:13-37
151            android:grantUriPermissions="true" >
151-->[com.sangcomz:FishBun:0.11.2] AndroidManifest.xml:16:13-47
152            <meta-data
152-->[:picker] AndroidManifest.xml:16:13-18:69
153                android:name="android.support.FILE_PROVIDER_PATHS"
153-->[:picker] AndroidManifest.xml:17:17-67
154                android:resource="@xml/provider_paths" />
154-->[:picker] AndroidManifest.xml:18:17-66
155        </provider>
156
157        <activity
157-->[com.sangcomz:FishBun:0.11.2] AndroidManifest.xml:22:9-25:51
158            android:name="com.sangcomz.fishbun.ui.album.AlbumActivity"
158-->[com.sangcomz:FishBun:0.11.2] AndroidManifest.xml:23:13-71
159            android:label="@string/album"
159-->[com.sangcomz:FishBun:0.11.2] AndroidManifest.xml:24:13-42
160            android:theme="@style/FishBunTheme" />
160-->[com.sangcomz:FishBun:0.11.2] AndroidManifest.xml:25:13-48
161        <activity
161-->[com.sangcomz:FishBun:0.11.2] AndroidManifest.xml:26:9-28:51
162            android:name="com.sangcomz.fishbun.ui.picker.PickerActivity"
162-->[com.sangcomz:FishBun:0.11.2] AndroidManifest.xml:27:13-73
163            android:theme="@style/FishBunTheme" />
163-->[com.sangcomz:FishBun:0.11.2] AndroidManifest.xml:28:13-48
164        <activity
164-->[com.sangcomz:FishBun:0.11.2] AndroidManifest.xml:29:9-31:54
165            android:name="com.sangcomz.fishbun.ui.detail.DetailActivity"
165-->[com.sangcomz:FishBun:0.11.2] AndroidManifest.xml:30:13-73
166            android:theme="@style/DetailViewTheme" />
166-->[com.sangcomz:FishBun:0.11.2] AndroidManifest.xml:31:13-51
167
168        <receiver
168-->[com.google.android.gms:play-services-measurement:17.2.2] AndroidManifest.xml:29:9-33:20
169            android:name="com.google.android.gms.measurement.AppMeasurementReceiver"
169-->[com.google.android.gms:play-services-measurement:17.2.2] AndroidManifest.xml:30:13-85
170            android:enabled="true"
170-->[com.google.android.gms:play-services-measurement:17.2.2] AndroidManifest.xml:31:13-35
171            android:exported="false" >
171-->[com.google.android.gms:play-services-measurement:17.2.2] AndroidManifest.xml:32:13-37
172        </receiver>
173        <receiver
173-->[com.google.android.gms:play-services-measurement:17.2.2] AndroidManifest.xml:34:9-42:20
174            android:name="com.google.android.gms.measurement.AppMeasurementInstallReferrerReceiver"
174-->[com.google.android.gms:play-services-measurement:17.2.2] AndroidManifest.xml:35:13-100
175            android:enabled="true"
175-->[com.google.android.gms:play-services-measurement:17.2.2] AndroidManifest.xml:36:13-35
176            android:exported="true"
176-->[com.google.android.gms:play-services-measurement:17.2.2] AndroidManifest.xml:37:13-36
177            android:permission="android.permission.INSTALL_PACKAGES" >
177-->[com.google.android.gms:play-services-measurement:17.2.2] AndroidManifest.xml:38:13-69
178            <intent-filter>
178-->[com.facebook.android:facebook-core:5.5.1] AndroidManifest.xml:55:13-57:29
179                <action android:name="com.android.vending.INSTALL_REFERRER" />
179-->[com.facebook.android:facebook-core:5.5.1] AndroidManifest.xml:56:17-79
179-->[com.facebook.android:facebook-core:5.5.1] AndroidManifest.xml:56:25-76
180            </intent-filter>
181        </receiver>
182
183        <service
183-->[com.google.android.gms:play-services-measurement:17.2.2] AndroidManifest.xml:44:9-47:40
184            android:name="com.google.android.gms.measurement.AppMeasurementService"
184-->[com.google.android.gms:play-services-measurement:17.2.2] AndroidManifest.xml:45:13-84
185            android:enabled="true"
185-->[com.google.android.gms:play-services-measurement:17.2.2] AndroidManifest.xml:46:13-35
186            android:exported="false" />
186-->[com.google.android.gms:play-services-measurement:17.2.2] AndroidManifest.xml:47:13-37
187        <service
187-->[com.google.android.gms:play-services-measurement:17.2.2] AndroidManifest.xml:48:9-52:72
188            android:name="com.google.android.gms.measurement.AppMeasurementJobService"
188-->[com.google.android.gms:play-services-measurement:17.2.2] AndroidManifest.xml:49:13-87
189            android:enabled="true"
189-->[com.google.android.gms:play-services-measurement:17.2.2] AndroidManifest.xml:50:13-35
190            android:exported="false"
190-->[com.google.android.gms:play-services-measurement:17.2.2] AndroidManifest.xml:51:13-37
191            android:permission="android.permission.BIND_JOB_SERVICE" />
191-->[com.google.android.gms:play-services-measurement:17.2.2] AndroidManifest.xml:52:13-69
192
193        <activity
193-->[com.google.android.gms:play-services-auth:16.0.1] AndroidManifest.xml:23:9-27:75
194            android:name="com.google.android.gms.auth.api.signin.internal.SignInHubActivity"
194-->[com.google.android.gms:play-services-auth:16.0.1] AndroidManifest.xml:24:13-93
195            android:excludeFromRecents="true"
195-->[com.google.android.gms:play-services-auth:16.0.1] AndroidManifest.xml:25:13-46
196            android:exported="false"
196-->[com.google.android.gms:play-services-auth:16.0.1] AndroidManifest.xml:26:13-37
197            android:theme="@android:style/Theme.Translucent.NoTitleBar" />
197-->[com.google.android.gms:play-services-auth:16.0.1] AndroidManifest.xml:27:13-72
198        <!--
199            Service handling Google Sign-In user revocation. For apps that do not integrate with
200            Google Sign-In, this service will never be started.
201        -->
202        <service
202-->[com.google.android.gms:play-services-auth:16.0.1] AndroidManifest.xml:33:9-36:110
203            android:name="com.google.android.gms.auth.api.signin.RevocationBoundService"
203-->[com.google.android.gms:play-services-auth:16.0.1] AndroidManifest.xml:34:13-89
204            android:exported="true"
204-->[com.google.android.gms:play-services-auth:16.0.1] AndroidManifest.xml:35:13-36
205            android:permission="com.google.android.gms.auth.api.signin.permission.REVOCATION_NOTIFICATION" />
205-->[com.google.android.gms:play-services-auth:16.0.1] AndroidManifest.xml:36:13-107
206
207        <activity
207-->[com.google.firebase:firebase-auth:19.2.0] AndroidManifest.xml:24:9-31:50
208            android:name="com.google.firebase.auth.internal.FederatedSignInActivity"
208-->[com.google.firebase:firebase-auth:19.2.0] AndroidManifest.xml:25:13-85
209            android:excludeFromRecents="true"
209-->[com.google.firebase:firebase-auth:19.2.0] AndroidManifest.xml:26:13-46
210            android:exported="true"
210-->[com.google.firebase:firebase-auth:19.2.0] AndroidManifest.xml:27:13-36
211            android:launchMode="singleTask"
211-->[com.google.firebase:firebase-auth:19.2.0] AndroidManifest.xml:28:13-44
212            android:permission="com.google.firebase.auth.api.gms.permission.LAUNCH_FEDERATED_SIGN_IN"
212-->[com.google.firebase:firebase-auth:19.2.0] AndroidManifest.xml:29:13-102
213            android:theme="@android:style/Theme.Translucent.NoTitleBar" />
213-->[com.google.firebase:firebase-auth:19.2.0] AndroidManifest.xml:30:13-72
214
215        <receiver
215-->[com.google.firebase:firebase-iid:20.0.2] AndroidManifest.xml:37:9-44:20
216            android:name="com.google.firebase.iid.FirebaseInstanceIdReceiver"
216-->[com.google.firebase:firebase-iid:20.0.2] AndroidManifest.xml:38:13-78
217            android:exported="true"
217-->[com.google.firebase:firebase-iid:20.0.2] AndroidManifest.xml:39:13-36
218            android:permission="com.google.android.c2dm.permission.SEND" >
218-->[com.google.firebase:firebase-iid:20.0.2] AndroidManifest.xml:40:13-73
219            <intent-filter>
219-->[com.google.firebase:firebase-iid:20.0.2] AndroidManifest.xml:41:13-43:29
220                <action android:name="com.google.android.c2dm.intent.RECEIVE" />
220-->[com.google.firebase:firebase-iid:20.0.2] AndroidManifest.xml:42:17-81
220-->[com.google.firebase:firebase-iid:20.0.2] AndroidManifest.xml:42:25-78
221            </intent-filter>
222        </receiver>
223
224        <provider
224-->[com.google.firebase:firebase-common:19.3.0] AndroidManifest.xml:26:9-30:39
225            android:name="com.google.firebase.provider.FirebaseInitProvider"
225-->[com.google.firebase:firebase-common:19.3.0] AndroidManifest.xml:27:13-77
226            android:authorities="com.zahasri.zaha_application.firebaseinitprovider"
226-->[com.google.firebase:firebase-common:19.3.0] AndroidManifest.xml:28:13-72
227            android:exported="false"
227-->[com.google.firebase:firebase-common:19.3.0] AndroidManifest.xml:29:13-37
228            android:initOrder="100" />
228-->[com.google.firebase:firebase-common:19.3.0] AndroidManifest.xml:30:13-36
229
230        <activity
230-->[com.google.android.gms:play-services-base:17.1.0] AndroidManifest.xml:23:9-26:75
231            android:name="com.google.android.gms.common.api.GoogleApiActivity"
231-->[com.google.android.gms:play-services-base:17.1.0] AndroidManifest.xml:24:13-79
232            android:exported="false"
232-->[com.google.android.gms:play-services-base:17.1.0] AndroidManifest.xml:25:13-37
233            android:theme="@android:style/Theme.Translucent.NoTitleBar" />
233-->[com.google.android.gms:play-services-base:17.1.0] AndroidManifest.xml:26:13-72
234
235        <meta-data
235-->[com.google.android.gms:play-services-basement:17.0.0] AndroidManifest.xml:23:9-25:69
236            android:name="com.google.android.gms.version"
236-->[com.google.android.gms:play-services-basement:17.0.0] AndroidManifest.xml:24:13-58
237            android:value="@integer/google_play_services_version" />
237-->[com.google.android.gms:play-services-basement:17.0.0] AndroidManifest.xml:25:13-66
238    </application>
239
240</manifest>